mode: set
github.com/spaghetti-lover/qairlines/main.go:10.13,12.2 1 0
github.com/spaghetti-lover/qairlines/pkg/utils/random.go:19.38,21.2 1 0
github.com/spaghetti-lover/qairlines/pkg/utils/random.go:24.33,26.25 2 0
github.com/spaghetti-lover/qairlines/pkg/utils/random.go:26.25,29.3 2 0
github.com/spaghetti-lover/qairlines/pkg/utils/random.go:30.2,30.20 1 0
github.com/spaghetti-lover/qairlines/pkg/utils/random.go:34.26,36.2 1 0
github.com/spaghetti-lover/qairlines/pkg/utils/random.go:39.31,43.2 3 0
github.com/spaghetti-lover/qairlines/pkg/utils/random.go:46.36,55.2 3 0
github.com/spaghetti-lover/qairlines/pkg/utils/random.go:58.35,66.2 2 0
github.com/spaghetti-lover/qairlines/pkg/utils/random.go:69.27,80.2 4 0
github.com/spaghetti-lover/qairlines/db/sqlc/airplane.sql.go:26.99,36.2 4 1
github.com/spaghetti-lover/qairlines/db/sqlc/airplane.sql.go:43.88,46.2 2 1
github.com/spaghetti-lover/qairlines/db/sqlc/airplane.sql.go:53.97,63.2 4 1
github.com/spaghetti-lover/qairlines/db/sqlc/airplane.sql.go:77.99,79.16 2 1
github.com/spaghetti-lover/qairlines/db/sqlc/airplane.sql.go:79.16,81.3 1 0
github.com/spaghetti-lover/qairlines/db/sqlc/airplane.sql.go:82.2,84.18 3 1
github.com/spaghetti-lover/qairlines/db/sqlc/airplane.sql.go:84.18,91.17 2 1
github.com/spaghetti-lover/qairlines/db/sqlc/airplane.sql.go:91.17,93.4 1 0
github.com/spaghetti-lover/qairlines/db/sqlc/airplane.sql.go:94.3,94.27 1 1
github.com/spaghetti-lover/qairlines/db/sqlc/airplane.sql.go:96.2,96.35 1 1
github.com/spaghetti-lover/qairlines/db/sqlc/airplane.sql.go:96.35,98.3 1 0
github.com/spaghetti-lover/qairlines/db/sqlc/airplane.sql.go:99.2,99.19 1 1
github.com/spaghetti-lover/qairlines/db/sqlc/airplane_model.sql.go:28.114,39.2 4 1
github.com/spaghetti-lover/qairlines/db/sqlc/airplane_model.sql.go:46.89,49.2 2 1
github.com/spaghetti-lover/qairlines/db/sqlc/airplane_model.sql.go:56.103,67.2 4 1
github.com/spaghetti-lover/qairlines/db/sqlc/airplane_model.sql.go:81.114,83.16 2 1
github.com/spaghetti-lover/qairlines/db/sqlc/airplane_model.sql.go:83.16,85.3 1 0
github.com/spaghetti-lover/qairlines/db/sqlc/airplane_model.sql.go:86.2,88.18 3 1
github.com/spaghetti-lover/qairlines/db/sqlc/airplane_model.sql.go:88.18,96.17 2 1
github.com/spaghetti-lover/qairlines/db/sqlc/airplane_model.sql.go:96.17,98.4 1 0
github.com/spaghetti-lover/qairlines/db/sqlc/airplane_model.sql.go:99.3,99.27 1 1
github.com/spaghetti-lover/qairlines/db/sqlc/airplane_model.sql.go:101.2,101.35 1 1
github.com/spaghetti-lover/qairlines/db/sqlc/airplane_model.sql.go:101.35,103.3 1 0
github.com/spaghetti-lover/qairlines/db/sqlc/airplane_model.sql.go:104.2,104.19 1 1
github.com/spaghetti-lover/qairlines/db/sqlc/airport.sql.go:28.96,39.2 4 1
github.com/spaghetti-lover/qairlines/db/sqlc/airport.sql.go:46.80,49.2 2 1
github.com/spaghetti-lover/qairlines/db/sqlc/airport.sql.go:56.88,67.2 4 1
github.com/spaghetti-lover/qairlines/db/sqlc/airport.sql.go:81.96,83.16 2 1
github.com/spaghetti-lover/qairlines/db/sqlc/airport.sql.go:83.16,85.3 1 0
github.com/spaghetti-lover/qairlines/db/sqlc/airport.sql.go:86.2,88.18 3 1
github.com/spaghetti-lover/qairlines/db/sqlc/airport.sql.go:88.18,96.17 2 1
github.com/spaghetti-lover/qairlines/db/sqlc/airport.sql.go:96.17,98.4 1 0
github.com/spaghetti-lover/qairlines/db/sqlc/airport.sql.go:99.3,99.27 1 1
github.com/spaghetti-lover/qairlines/db/sqlc/airport.sql.go:101.2,101.35 1 1
github.com/spaghetti-lover/qairlines/db/sqlc/airport.sql.go:101.35,103.3 1 0
github.com/spaghetti-lover/qairlines/db/sqlc/airport.sql.go:104.2,104.19 1 1
github.com/spaghetti-lover/qairlines/db/sqlc/booking.sql.go:38.96,60.2 4 1
github.com/spaghetti-lover/qairlines/db/sqlc/booking.sql.go:67.79,70.2 2 1
github.com/spaghetti-lover/qairlines/db/sqlc/booking.sql.go:77.86,91.2 4 1
github.com/spaghetti-lover/qairlines/db/sqlc/booking.sql.go:105.96,107.16 2 1
github.com/spaghetti-lover/qairlines/db/sqlc/booking.sql.go:107.16,109.3 1 0
github.com/spaghetti-lover/qairlines/db/sqlc/booking.sql.go:110.2,112.18 3 1
github.com/spaghetti-lover/qairlines/db/sqlc/booking.sql.go:112.18,123.17 2 1
github.com/spaghetti-lover/qairlines/db/sqlc/booking.sql.go:123.17,125.4 1 0
github.com/spaghetti-lover/qairlines/db/sqlc/booking.sql.go:126.3,126.27 1 1
github.com/spaghetti-lover/qairlines/db/sqlc/booking.sql.go:128.2,128.35 1 1
github.com/spaghetti-lover/qairlines/db/sqlc/booking.sql.go:128.35,130.3 1 0
github.com/spaghetti-lover/qairlines/db/sqlc/booking.sql.go:131.2,131.19 1 1
github.com/spaghetti-lover/qairlines/db/sqlc/db.go:20.28,22.2 1 1
github.com/spaghetti-lover/qairlines/db/sqlc/db.go:28.46,32.2 1 0
github.com/spaghetti-lover/qairlines/db/sqlc/flight.sql.go:44.93,72.2 4 1
github.com/spaghetti-lover/qairlines/db/sqlc/flight.sql.go:79.80,82.2 2 1
github.com/spaghetti-lover/qairlines/db/sqlc/flight.sql.go:89.87,106.2 4 1
github.com/spaghetti-lover/qairlines/db/sqlc/flight.sql.go:120.93,122.16 2 1
github.com/spaghetti-lover/qairlines/db/sqlc/flight.sql.go:122.16,124.3 1 0
github.com/spaghetti-lover/qairlines/db/sqlc/flight.sql.go:125.2,127.18 3 1
github.com/spaghetti-lover/qairlines/db/sqlc/flight.sql.go:127.18,141.17 2 1
github.com/spaghetti-lover/qairlines/db/sqlc/flight.sql.go:141.17,143.4 1 0
github.com/spaghetti-lover/qairlines/db/sqlc/flight.sql.go:144.3,144.27 1 1
github.com/spaghetti-lover/qairlines/db/sqlc/flight.sql.go:146.2,146.35 1 1
github.com/spaghetti-lover/qairlines/db/sqlc/flight.sql.go:146.35,148.3 1 0
github.com/spaghetti-lover/qairlines/db/sqlc/flight.sql.go:149.2,149.19 1 1
github.com/spaghetti-lover/qairlines/db/sqlc/flight_seats.sql.go:36.105,56.2 4 1
github.com/spaghetti-lover/qairlines/db/sqlc/flight_seats.sql.go:63.90,66.2 2 1
github.com/spaghetti-lover/qairlines/db/sqlc/flight_seats.sql.go:73.101,86.2 4 1
github.com/spaghetti-lover/qairlines/db/sqlc/flight_seats.sql.go:100.105,102.16 2 1
github.com/spaghetti-lover/qairlines/db/sqlc/flight_seats.sql.go:102.16,104.3 1 0
github.com/spaghetti-lover/qairlines/db/sqlc/flight_seats.sql.go:105.2,107.18 3 1
github.com/spaghetti-lover/qairlines/db/sqlc/flight_seats.sql.go:107.18,117.17 2 1
github.com/spaghetti-lover/qairlines/db/sqlc/flight_seats.sql.go:117.17,119.4 1 0
github.com/spaghetti-lover/qairlines/db/sqlc/flight_seats.sql.go:120.3,120.27 1 1
github.com/spaghetti-lover/qairlines/db/sqlc/flight_seats.sql.go:122.2,122.35 1 1
github.com/spaghetti-lover/qairlines/db/sqlc/flight_seats.sql.go:122.35,124.3 1 0
github.com/spaghetti-lover/qairlines/db/sqlc/flight_seats.sql.go:125.2,125.19 1 1
github.com/spaghetti-lover/qairlines/db/sqlc/models.go:23.55,24.25 1 1
github.com/spaghetti-lover/qairlines/db/sqlc/models.go:25.14,26.26 1 0
github.com/spaghetti-lover/qairlines/db/sqlc/models.go:27.14,28.26 1 1
github.com/spaghetti-lover/qairlines/db/sqlc/models.go:29.10,30.74 1 0
github.com/spaghetti-lover/qairlines/db/sqlc/models.go:32.2,32.12 1 1
github.com/spaghetti-lover/qairlines/db/sqlc/models.go:41.62,42.18 1 0
github.com/spaghetti-lover/qairlines/db/sqlc/models.go:42.18,45.3 2 0
github.com/spaghetti-lover/qairlines/db/sqlc/models.go:46.2,47.39 2 0
github.com/spaghetti-lover/qairlines/db/sqlc/models.go:51.61,52.15 1 0
github.com/spaghetti-lover/qairlines/db/sqlc/models.go:52.15,54.3 1 0
github.com/spaghetti-lover/qairlines/db/sqlc/models.go:55.2,55.40 1 0
github.com/spaghetti-lover/qairlines/db/sqlc/models.go:67.52,68.25 1 1
github.com/spaghetti-lover/qairlines/db/sqlc/models.go:69.14,70.23 1 0
github.com/spaghetti-lover/qairlines/db/sqlc/models.go:71.14,72.23 1 1
github.com/spaghetti-lover/qairlines/db/sqlc/models.go:73.10,74.71 1 0
github.com/spaghetti-lover/qairlines/db/sqlc/models.go:76.2,76.12 1 1
github.com/spaghetti-lover/qairlines/db/sqlc/models.go:85.59,86.18 1 0
github.com/spaghetti-lover/qairlines/db/sqlc/models.go:86.18,89.3 2 0
github.com/spaghetti-lover/qairlines/db/sqlc/models.go:90.2,91.36 2 0
github.com/spaghetti-lover/qairlines/db/sqlc/models.go:95.58,96.15 1 0
github.com/spaghetti-lover/qairlines/db/sqlc/models.go:96.15,98.3 1 0
github.com/spaghetti-lover/qairlines/db/sqlc/models.go:99.2,99.37 1 0
github.com/spaghetti-lover/qairlines/db/sqlc/passenger.sql.go:46.102,76.2 4 1
github.com/spaghetti-lover/qairlines/db/sqlc/passenger.sql.go:83.81,86.2 2 1
github.com/spaghetti-lover/qairlines/db/sqlc/passenger.sql.go:93.91,111.2 4 1
github.com/spaghetti-lover/qairlines/db/sqlc/passenger.sql.go:125.102,127.16 2 1
github.com/spaghetti-lover/qairlines/db/sqlc/passenger.sql.go:127.16,129.3 1 0
github.com/spaghetti-lover/qairlines/db/sqlc/passenger.sql.go:130.2,132.18 3 1
github.com/spaghetti-lover/qairlines/db/sqlc/passenger.sql.go:132.18,147.17 2 1
github.com/spaghetti-lover/qairlines/db/sqlc/passenger.sql.go:147.17,149.4 1 0
github.com/spaghetti-lover/qairlines/db/sqlc/passenger.sql.go:150.3,150.27 1 1
github.com/spaghetti-lover/qairlines/db/sqlc/passenger.sql.go:152.2,152.35 1 1
github.com/spaghetti-lover/qairlines/db/sqlc/passenger.sql.go:152.35,154.3 1 0
github.com/spaghetti-lover/qairlines/db/sqlc/passenger.sql.go:155.2,155.19 1 1
github.com/spaghetti-lover/qairlines/db/sqlc/payment.sql.go:34.96,53.2 4 1
github.com/spaghetti-lover/qairlines/db/sqlc/payment.sql.go:60.77,63.2 2 1
github.com/spaghetti-lover/qairlines/db/sqlc/payment.sql.go:70.85,83.2 4 1
github.com/spaghetti-lover/qairlines/db/sqlc/payment.sql.go:97.94,99.16 2 1
github.com/spaghetti-lover/qairlines/db/sqlc/payment.sql.go:99.16,101.3 1 0
github.com/spaghetti-lover/qairlines/db/sqlc/payment.sql.go:102.2,104.18 3 1
github.com/spaghetti-lover/qairlines/db/sqlc/payment.sql.go:104.18,114.17 2 1
github.com/spaghetti-lover/qairlines/db/sqlc/payment.sql.go:114.17,116.4 1 0
github.com/spaghetti-lover/qairlines/db/sqlc/payment.sql.go:117.3,117.27 1 1
github.com/spaghetti-lover/qairlines/db/sqlc/payment.sql.go:119.2,119.35 1 1
github.com/spaghetti-lover/qairlines/db/sqlc/payment.sql.go:119.35,121.3 1 0
github.com/spaghetti-lover/qairlines/db/sqlc/payment.sql.go:122.2,122.19 1 1
